# JRE version: OpenJDK Runtime Environment (21.0.9) (build 21.0.9+-14787801-b1163.94)
# Java VM: OpenJDK 64-Bit Server VM (21.0.9+-14787801-b1163.94, mixed mode, tiered, compressed oops, compressed class ptrs, g1 gc, windows-amd64)
GC Precious Log:
 CardTable entry size: 512
 Card Set container configuration: InlinePtr #cards 5 size 8 Array Of Cards #cards 12 size 40 Howl #buckets 4 coarsen threshold 1843 Howl Bitmap #cards 512 size 80 coarsen threshold 460 Card regions per heap region 1 cards per card region 2048
 CPUs: 12 total, 12 available
 Memory: 7521M
 Large Page Support: Disabled
 NUMA Support: Disabled
 Compressed Oops: Enabled (32-bit)
 Heap Region Size: 1M
 Heap Min Capacity: 8M
 Heap Initial Capacity: 118M
 Heap Max Capacity: 2G
 Pre-touch: Disabled
 Parallel Workers: 10
 Concurrent Workers: 3
 Concurrent Refinement Workers: 10
 Periodic GC: Disabled
Heap:
 garbage-first heap   total 123904K, used 63187K [0x0000000080000000, 0x0000000100000000)
  region size 1024K, 3 young (3072K), 3 survivors (3072K)
 Metaspace       used 58706K, committed 60288K, reserved 1114112K
  class space    used 8336K, committed 9088K, reserved 1048576K
GC Heap History (20 events):
Event: 7.978 GC heap after
{Heap after GC invocations=14 (full 0):
 garbage-first heap   total 86016K, used 53998K [0x0000000080000000, 0x0000000100000000)
  region size 1024K, 3 young (3072K), 3 survivors (3072K)
 Metaspace       used 41518K, committed 42496K, reserved 1114112K
  class space    used 5673K, committed 6144K, reserved 1048576K
}
Event: 8.308 GC heap before
{Heap before GC invocations=14 (full 0):
 garbage-first heap   total 86016K, used 71406K [0x0000000080000000, 0x0000000100000000)
  region size 1024K, 20 young (20480K), 3 survivors (3072K)
 Metaspace       used 43643K, committed 44800K, reserved 1114112K
  class space    used 6053K, committed 6592K, reserved 1048576K
}
Event: 8.311 GC heap after
{Heap after GC invocations=15 (full 0):
 garbage-first heap   total 86016K, used 54545K [0x0000000080000000, 0x0000000100000000)
  region size 1024K, 1 young (1024K), 1 survivors (1024K)
 Metaspace       used 43643K, committed 44800K, reserved 1114112K
  class space    used 6053K, committed 6592K, reserved 1048576K
}
Event: 8.505 GC heap before
{Heap before GC invocations=15 (full 0):
 garbage-first heap   total 86016K, used 71953K [0x0000000080000000, 0x0000000100000000)
  region size 1024K, 18 young (18432K), 1 survivors (1024K)
 Metaspace       used 45568K, committed 46848K, reserved 1114112K
  class space    used 6393K, committed 7040K, reserved 1048576K
}
Event: 8.507 GC heap after
{Heap after GC invocations=16 (full 0):
 garbage-first heap   total 86016K, used 55509K [0x0000000080000000, 0x0000000100000000)
  region size 1024K, 2 young (2048K), 2 survivors (2048K)
 Metaspace       used 45568K, committed 46848K, reserved 1114112K
  class space    used 6393K, committed 7040K, reserved 1048576K
}
Event: 8.818 GC heap before
{Heap before GC invocations=17 (full 0):
 garbage-first heap   total 94208K, used 72917K [0x0000000080000000, 0x0000000100000000)
  region size 1024K, 20 young (20480K), 2 survivors (2048K)
 Metaspace       used 48742K, committed 49984K, reserved 1114112K
  class space    used 6796K, committed 7424K, reserved 1048576K
}
Event: 8.821 GC heap after
{Heap after GC invocations=18 (full 0):
 garbage-first heap   total 113664K, used 57145K [0x0000000080000000, 0x0000000100000000)
  region size 1024K, 3 young (3072K), 3 survivors (3072K)
 Metaspace       used 48742K, committed 49984K, reserved 1114112K
  class space    used 6796K, committed 7424K, reserved 1048576K
}
Event: 9.352 GC heap before
{Heap before GC invocations=18 (full 0):
 garbage-first heap   total 113664K, used 89913K [0x0000000080000000, 0x0000000100000000)
  region size 1024K, 35 young (35840K), 3 survivors (3072K)
 Metaspace       used 53054K, committed 54528K, reserved 1114112K
  class space    used 7425K, committed 8128K, reserved 1048576K
}
Event: 9.357 GC heap after
{Heap after GC invocations=19 (full 0):
 garbage-first heap   total 113664K, used 59725K [0x0000000080000000, 0x0000000100000000)
  region size 1024K, 5 young (5120K), 5 survivors (5120K)
 Metaspace       used 53054K, committed 54528K, reserved 1114112K
  class space    used 7425K, committed 8128K, reserved 1048576K
}
Event: 9.792 GC heap before
{Heap before GC invocations=19 (full 0):
 garbage-first heap   total 113664K, used 93517K [0x0000000080000000, 0x0000000100000000)
  region size 1024K, 38 young (38912K), 5 survivors (5120K)
 Metaspace       used 56869K, committed 58432K, reserved 1114112K
  class space    used 8087K, committed 8832K, reserved 1048576K
}
Event: 9.796 GC heap after
{Heap after GC invocations=20 (full 0):
 garbage-first heap   total 113664K, used 61689K [0x0000000080000000, 0x0000000100000000)
  region size 1024K, 2 young (2048K), 2 survivors (2048K)
 Metaspace       used 56869K, committed 58432K, reserved 1114112K
  class space    used 8087K, committed 8832K, reserved 1048576K
}
Event: 10.346 GC heap before
{Heap before GC invocations=21 (full 0):
 garbage-first heap   total 113664K, used 95481K [0x0000000080000000, 0x0000000100000000)
  region size 1024K, 35 young (35840K), 2 survivors (2048K)
 Metaspace       used 58557K, committed 60160K, reserved 1114112K
  class space    used 8336K, committed 9088K, reserved 1048576K
}
Event: 10.348 GC heap after
{Heap after GC invocations=22 (full 0):
 garbage-first heap   total 113664K, used 62390K [0x0000000080000000, 0x0000000100000000)
  region size 1024K, 3 young (3072K), 3 survivors (3072K)
 Metaspace       used 58557K, committed 60160K, reserved 1114112K
  class space    used 8336K, committed 9088K, reserved 1048576K
}
Event: 10.544 GC heap before
{Heap before GC invocations=22 (full 0):
 garbage-first heap   total 113664K, used 98230K [0x0000000080000000, 0x0000000100000000)
  region size 1024K, 38 young (38912K), 3 survivors (3072K)
 Metaspace       used 58685K, committed 60288K, reserved 1114112K
  class space    used 8336K, committed 9088K, reserved 1048576K
}
Event: 10.546 GC heap after
{Heap after GC invocations=23 (full 0):
 garbage-first heap   total 113664K, used 62504K [0x0000000080000000, 0x0000000100000000)
  region size 1024K, 3 young (3072K), 3 survivors (3072K)
 Metaspace       used 58685K, committed 60288K, reserved 1114112K
  class space    used 8336K, committed 9088K, reserved 1048576K
}
Event: 10.709 GC heap before
{Heap before GC invocations=23 (full 0):
 garbage-first heap   total 113664K, used 91176K [0x0000000080000000, 0x0000000100000000)
  region size 1024K, 32 young (32768K), 3 survivors (3072K)
 Metaspace       used 58692K, committed 60288K, reserved 1114112K
  class space    used 8336K, committed 9088K, reserved 1048576K
}
Event: 10.713 GC heap after
{Heap after GC invocations=24 (full 0):
 garbage-first heap   total 113664K, used 62882K [0x0000000080000000, 0x0000000100000000)
  region size 1024K, 4 young (4096K), 4 survivors (4096K)
 Metaspace       used 58692K, committed 60288K, reserved 1114112K
  class space    used 8336K, committed 9088K, reserved 1048576K
}
Event: 10.902 GC heap before
{Heap before GC invocations=25 (full 0):
 garbage-first heap   total 113664K, used 102818K [0x0000000080000000, 0x0000000100000000)
  region size 1024K, 41 young (41984K), 4 survivors (4096K)
 Metaspace       used 58697K, committed 60288K, reserved 1114112K
  class space    used 8336K, committed 9088K, reserved 1048576K
}
Event: 10.906 GC heap after
{Heap after GC invocations=26 (full 0):
 garbage-first heap   total 113664K, used 63108K [0x0000000080000000, 0x0000000100000000)
  region size 1024K, 4 young (4096K), 4 survivors (4096K)
 Metaspace       used 58697K, committed 60288K, reserved 1114112K
  class space    used 8336K, committed 9088K, reserved 1048576K
}
Event: 11.078 GC heap before
{Heap before GC invocations=26 (full 0):
 garbage-first heap   total 113664K, used 103044K [0x0000000080000000, 0x0000000100000000)
  region size 1024K, 43 young (44032K), 4 survivors (4096K)
 Metaspace       used 58706K, committed 60288K, reserved 1114112K
  class space    used 8336K, committed 9088K, reserved 1048576K
}

