# JRE version: OpenJDK Runtime Environment (21.0.9) (build 21.0.9+-14787801-b1163.94)
# Java VM: OpenJDK 64-Bit Server VM (21.0.9+-14787801-b1163.94, mixed mode, tiered, compressed oops, compressed class ptrs, g1 gc, windows-amd64)
GC Precious Log:
 CardTable entry size: 512
 Card Set container configuration: InlinePtr #cards 5 size 8 Array Of Cards #cards 12 size 40 Howl #buckets 4 coarsen threshold 1843 Howl Bitmap #cards 512 size 80 coarsen threshold 460 Card regions per heap region 1 cards per card region 2048
 CPUs: 12 total, 12 available
 Memory: 7521M
 Large Page Support: Disabled
 NUMA Support: Disabled
 Compressed Oops: Enabled (32-bit)
 Heap Region Size: 1M
 Heap Min Capacity: 8M
 Heap Initial Capacity: 118M
 Heap Max Capacity: 2G
 Pre-touch: Disabled
 Parallel Workers: 10
 Concurrent Workers: 3
 Concurrent Refinement Workers: 10
 Periodic GC: Disabled
Heap:
 garbage-first heap   total 150528K, used 77139K [0x0000000080000000, 0x0000000100000000)
  region size 1024K, 5 young (5120K), 5 survivors (5120K)
 Metaspace       used 66220K, committed 67840K, reserved 1114112K
  class space    used 9349K, committed 10112K, reserved 1048576K
GC Heap History (20 events):
Event: 42.380 GC heap after
{Heap after GC invocations=23 (full 0):
 garbage-first heap   total 117760K, used 70205K [0x0000000080000000, 0x0000000100000000)
  region size 1024K, 4 young (4096K), 4 survivors (4096K)
 Metaspace       used 64862K, committed 66432K, reserved 1114112K
  class space    used 9208K, committed 9984K, reserved 1048576K
}
Event: 42.550 GC heap before
{Heap before GC invocations=23 (full 0):
 garbage-first heap   total 117760K, used 110141K [0x0000000080000000, 0x0000000100000000)
  region size 1024K, 43 young (44032K), 4 survivors (4096K)
 Metaspace       used 64863K, committed 66432K, reserved 1114112K
  class space    used 9208K, committed 9984K, reserved 1048576K
}
Event: 42.557 GC heap after
{Heap after GC invocations=24 (full 0):
 garbage-first heap   total 120832K, used 74244K [0x0000000080000000, 0x0000000100000000)
  region size 1024K, 6 young (6144K), 6 survivors (6144K)
 Metaspace       used 64863K, committed 66432K, reserved 1114112K
  class space    used 9208K, committed 9984K, reserved 1048576K
}
Event: 42.957 GC heap before
{Heap before GC invocations=24 (full 0):
 garbage-first heap   total 120832K, used 109060K [0x0000000080000000, 0x0000000100000000)
  region size 1024K, 41 young (41984K), 6 survivors (6144K)
 Metaspace       used 65806K, committed 67456K, reserved 1114112K
  class space    used 9332K, committed 10112K, reserved 1048576K
}
Event: 42.961 GC heap after
{Heap after GC invocations=25 (full 0):
 garbage-first heap   total 120832K, used 74050K [0x0000000080000000, 0x0000000100000000)
  region size 1024K, 3 young (3072K), 3 survivors (3072K)
 Metaspace       used 65806K, committed 67456K, reserved 1114112K
  class space    used 9332K, committed 10112K, reserved 1048576K
}
Event: 43.129 GC heap before
{Heap before GC invocations=26 (full 0):
 garbage-first heap   total 124928K, used 109890K [0x0000000080000000, 0x0000000100000000)
  region size 1024K, 38 young (38912K), 3 survivors (3072K)
 Metaspace       used 66086K, committed 67648K, reserved 1114112K
  class space    used 9349K, committed 10112K, reserved 1048576K
}
Event: 43.131 GC heap after
{Heap after GC invocations=27 (full 0):
 garbage-first heap   total 124928K, used 73536K [0x0000000080000000, 0x0000000100000000)
  region size 1024K, 3 young (3072K), 3 survivors (3072K)
 Metaspace       used 66086K, committed 67648K, reserved 1114112K
  class space    used 9349K, committed 10112K, reserved 1048576K
}
Event: 43.333 GC heap before
{Heap before GC invocations=27 (full 0):
 garbage-first heap   total 124928K, used 115520K [0x0000000080000000, 0x0000000100000000)
  region size 1024K, 44 young (45056K), 3 survivors (3072K)
 Metaspace       used 66121K, committed 67712K, reserved 1114112K
  class space    used 9349K, committed 10112K, reserved 1048576K
}
Event: 43.336 GC heap after
{Heap after GC invocations=28 (full 0):
 garbage-first heap   total 150528K, used 73868K [0x0000000080000000, 0x0000000100000000)
  region size 1024K, 4 young (4096K), 4 survivors (4096K)
 Metaspace       used 66121K, committed 67712K, reserved 1114112K
  class space    used 9349K, committed 10112K, reserved 1048576K
}
Event: 43.433 GC heap before
{Heap before GC invocations=28 (full 0):
 garbage-first heap   total 150528K, used 90252K [0x0000000080000000, 0x0000000100000000)
  region size 1024K, 21 young (21504K), 4 survivors (4096K)
 Metaspace       used 66129K, committed 67712K, reserved 1114112K
  class space    used 9349K, committed 10112K, reserved 1048576K
}
Event: 43.436 GC heap after
{Heap after GC invocations=29 (full 0):
 garbage-first heap   total 150528K, used 73975K [0x0000000080000000, 0x0000000100000000)
  region size 1024K, 4 young (4096K), 4 survivors (4096K)
 Metaspace       used 66129K, committed 67712K, reserved 1114112K
  class space    used 9349K, committed 10112K, reserved 1048576K
}
Event: 43.750 GC heap before
{Heap before GC invocations=30 (full 0):
 garbage-first heap   total 150528K, used 142583K [0x0000000080000000, 0x0000000100000000)
  region size 1024K, 69 young (70656K), 4 survivors (4096K)
 Metaspace       used 66148K, committed 67712K, reserved 1114112K
  class space    used 9349K, committed 10112K, reserved 1048576K
}
Event: 43.752 GC heap after
{Heap after GC invocations=31 (full 0):
 garbage-first heap   total 150528K, used 74476K [0x0000000080000000, 0x0000000100000000)
  region size 1024K, 4 young (4096K), 4 survivors (4096K)
 Metaspace       used 66148K, committed 67712K, reserved 1114112K
  class space    used 9349K, committed 10112K, reserved 1048576K
}
Event: 43.996 GC heap before
{Heap before GC invocations=31 (full 0):
 garbage-first heap   total 150528K, used 141036K [0x0000000080000000, 0x0000000100000000)
  region size 1024K, 69 young (70656K), 4 survivors (4096K)
 Metaspace       used 66199K, committed 67776K, reserved 1114112K
  class space    used 9349K, committed 10112K, reserved 1048576K
}
Event: 44.000 GC heap after
{Heap after GC invocations=32 (full 0):
 garbage-first heap   total 150528K, used 74714K [0x0000000080000000, 0x0000000100000000)
  region size 1024K, 5 young (5120K), 5 survivors (5120K)
 Metaspace       used 66199K, committed 67776K, reserved 1114112K
  class space    used 9349K, committed 10112K, reserved 1048576K
}
Event: 44.269 GC heap before
{Heap before GC invocations=32 (full 0):
 garbage-first heap   total 150528K, used 141274K [0x0000000080000000, 0x0000000100000000)
  region size 1024K, 70 young (71680K), 5 survivors (5120K)
 Metaspace       used 66199K, committed 67776K, reserved 1114112K
  class space    used 9349K, committed 10112K, reserved 1048576K
}
Event: 44.272 GC heap after
{Heap after GC invocations=33 (full 0):
 garbage-first heap   total 150528K, used 75272K [0x0000000080000000, 0x0000000100000000)
  region size 1024K, 5 young (5120K), 5 survivors (5120K)
 Metaspace       used 66199K, committed 67776K, reserved 1114112K
  class space    used 9349K, committed 10112K, reserved 1048576K
}
Event: 44.553 GC heap before
{Heap before GC invocations=34 (full 0):
 garbage-first heap   total 150528K, used 141832K [0x0000000080000000, 0x0000000100000000)
  region size 1024K, 70 young (71680K), 5 survivors (5120K)
 Metaspace       used 66199K, committed 67776K, reserved 1114112K
  class space    used 9349K, committed 10112K, reserved 1048576K
}
Event: 44.556 GC heap after
{Heap after GC invocations=35 (full 0):
 garbage-first heap   total 150528K, used 76044K [0x0000000080000000, 0x0000000100000000)
  region size 1024K, 6 young (6144K), 6 survivors (6144K)
 Metaspace       used 66199K, committed 67776K, reserved 1114112K
  class space    used 9349K, committed 10112K, reserved 1048576K
}
Event: 44.853 GC heap before
{Heap before GC invocations=35 (full 0):
 garbage-first heap   total 150528K, used 141580K [0x0000000080000000, 0x0000000100000000)
  region size 1024K, 70 young (71680K), 6 survivors (6144K)
 Metaspace       used 66220K, committed 67840K, reserved 1114112K
  class space    used 9349K, committed 10112K, reserved 1048576K
}

