# JRE version: OpenJDK Runtime Environment (21.0.9) (build 21.0.9+-14787801-b1163.94)
# Java VM: OpenJDK 64-Bit Server VM (21.0.9+-14787801-b1163.94, mixed mode, tiered, compressed oops, compressed class ptrs, g1 gc, windows-amd64)
GC Precious Log:
 CardTable entry size: 512
 Card Set container configuration: InlinePtr #cards 5 size 8 Array Of Cards #cards 12 size 40 Howl #buckets 4 coarsen threshold 1843 Howl Bitmap #cards 512 size 80 coarsen threshold 460 Card regions per heap region 1 cards per card region 2048
 CPUs: 12 total, 12 available
 Memory: 7521M
 Large Page Support: Disabled
 NUMA Support: Disabled
 Compressed Oops: Enabled (32-bit)
 Heap Region Size: 1M
 Heap Min Capacity: 8M
 Heap Initial Capacity: 118M
 Heap Max Capacity: 2G
 Pre-touch: Disabled
 Parallel Workers: 10
 Concurrent Workers: 3
 Concurrent Refinement Workers: 10
 Periodic GC: Disabled
Heap:
 garbage-first heap   total 152576K, used 88554K [0x0000000080000000, 0x0000000100000000)
  region size 1024K, 3 young (3072K), 3 survivors (3072K)
 Metaspace       used 67219K, committed 68800K, reserved 1114112K
  class space    used 9424K, committed 10176K, reserved 1048576K
GC Heap History (20 events):
Event: 25.469 GC heap after
{Heap after GC invocations=35 (full 0):
 garbage-first heap   total 141312K, used 66458K [0x0000000080000000, 0x0000000100000000)
  region size 1024K, 2 young (2048K), 2 survivors (2048K)
 Metaspace       used 59078K, committed 60608K, reserved 1114112K
  class space    used 8380K, committed 9088K, reserved 1048576K
}
Event: 27.958 GC heap before
{Heap before GC invocations=35 (full 0):
 garbage-first heap   total 141312K, used 131994K [0x0000000080000000, 0x0000000100000000)
  region size 1024K, 66 young (67584K), 2 survivors (2048K)
 Metaspace       used 59081K, committed 60608K, reserved 1114112K
  class space    used 8380K, committed 9088K, reserved 1048576K
}
Event: 27.965 GC heap after
{Heap after GC invocations=36 (full 0):
 garbage-first heap   total 141312K, used 66654K [0x0000000080000000, 0x0000000100000000)
  region size 1024K, 2 young (2048K), 2 survivors (2048K)
 Metaspace       used 59081K, committed 60608K, reserved 1114112K
  class space    used 8380K, committed 9088K, reserved 1048576K
}
Event: 29.839 GC heap before
{Heap before GC invocations=36 (full 0):
 garbage-first heap   total 141312K, used 120926K [0x0000000080000000, 0x0000000100000000)
  region size 1024K, 56 young (57344K), 2 survivors (2048K)
 Metaspace       used 60349K, committed 61888K, reserved 1114112K
  class space    used 8533K, committed 9280K, reserved 1048576K
}
Event: 29.870 GC heap after
{Heap after GC invocations=37 (full 0):
 garbage-first heap   total 141312K, used 65385K [0x0000000080000000, 0x0000000100000000)
  region size 1024K, 3 young (3072K), 3 survivors (3072K)
 Metaspace       used 60349K, committed 61888K, reserved 1114112K
  class space    used 8533K, committed 9280K, reserved 1048576K
}
Event: 32.615 GC heap before
{Heap before GC invocations=38 (full 0):
 garbage-first heap   total 141312K, used 132969K [0x0000000080000000, 0x0000000100000000)
  region size 1024K, 68 young (69632K), 3 survivors (3072K)
 Metaspace       used 66287K, committed 67904K, reserved 1114112K
  class space    used 9364K, committed 10112K, reserved 1048576K
}
Event: 32.634 GC heap after
{Heap after GC invocations=39 (full 0):
 garbage-first heap   total 141312K, used 70649K [0x0000000080000000, 0x0000000100000000)
  region size 1024K, 6 young (6144K), 6 survivors (6144K)
 Metaspace       used 66287K, committed 67904K, reserved 1114112K
  class space    used 9364K, committed 10112K, reserved 1048576K
}
Event: 32.940 GC heap before
{Heap before GC invocations=39 (full 0):
 garbage-first heap   total 141312K, used 132089K [0x0000000080000000, 0x0000000100000000)
  region size 1024K, 66 young (67584K), 6 survivors (6144K)
 Metaspace       used 66363K, committed 67968K, reserved 1114112K
  class space    used 9364K, committed 10112K, reserved 1048576K
}
Event: 32.949 GC heap after
{Heap after GC invocations=40 (full 0):
 garbage-first heap   total 142336K, used 72047K [0x0000000080000000, 0x0000000100000000)
  region size 1024K, 7 young (7168K), 7 survivors (7168K)
 Metaspace       used 66363K, committed 67968K, reserved 1114112K
  class space    used 9364K, committed 10112K, reserved 1048576K
}
Event: 33.399 GC heap before
{Heap before GC invocations=40 (full 0):
 garbage-first heap   total 142336K, used 132463K [0x0000000080000000, 0x0000000100000000)
  region size 1024K, 66 young (67584K), 7 survivors (7168K)
 Metaspace       used 66601K, committed 68224K, reserved 1114112K
  class space    used 9391K, committed 10176K, reserved 1048576K
}
Event: 33.409 GC heap after
{Heap after GC invocations=41 (full 0):
 garbage-first heap   total 142336K, used 73021K [0x0000000080000000, 0x0000000100000000)
  region size 1024K, 4 young (4096K), 4 survivors (4096K)
 Metaspace       used 66601K, committed 68224K, reserved 1114112K
  class space    used 9391K, committed 10176K, reserved 1048576K
}
Event: 34.371 GC heap before
{Heap before GC invocations=42 (full 0):
 garbage-first heap   total 142336K, used 132413K [0x0000000080000000, 0x0000000100000000)
  region size 1024K, 63 young (64512K), 4 survivors (4096K)
 Metaspace       used 66839K, committed 68480K, reserved 1114112K
  class space    used 9416K, committed 10176K, reserved 1048576K
}
Event: 34.376 GC heap after
{Heap after GC invocations=43 (full 0):
 garbage-first heap   total 142336K, used 75626K [0x0000000080000000, 0x0000000100000000)
  region size 1024K, 6 young (6144K), 6 survivors (6144K)
 Metaspace       used 66839K, committed 68480K, reserved 1114112K
  class space    used 9416K, committed 10176K, reserved 1048576K
}
Event: 34.814 GC heap before
{Heap before GC invocations=43 (full 0):
 garbage-first heap   total 142336K, used 132970K [0x0000000080000000, 0x0000000100000000)
  region size 1024K, 63 young (64512K), 6 survivors (6144K)
 Metaspace       used 67122K, committed 68672K, reserved 1114112K
  class space    used 9430K, committed 10176K, reserved 1048576K
}
Event: 35.842 GC heap after
{Heap after GC invocations=44 (full 0):
 garbage-first heap   total 151552K, used 85971K [0x0000000080000000, 0x0000000100000000)
  region size 1024K, 8 young (8192K), 8 survivors (8192K)
 Metaspace       used 67122K, committed 68672K, reserved 1114112K
  class space    used 9430K, committed 10176K, reserved 1048576K
}
Event: 35.916 GC heap before
{Heap before GC invocations=44 (full 0):
 garbage-first heap   total 151552K, used 135123K [0x0000000080000000, 0x0000000100000000)
  region size 1024K, 57 young (58368K), 8 survivors (8192K)
 Metaspace       used 67183K, committed 68800K, reserved 1114112K
  class space    used 9430K, committed 10176K, reserved 1048576K
}
Event: 35.924 GC heap after
{Heap after GC invocations=45 (full 0):
 garbage-first heap   total 151552K, used 89343K [0x0000000080000000, 0x0000000100000000)
  region size 1024K, 4 young (4096K), 4 survivors (4096K)
 Metaspace       used 67183K, committed 68800K, reserved 1114112K
  class space    used 9430K, committed 10176K, reserved 1048576K
}
Event: 36.210 GC heap before
{Heap before GC invocations=46 (full 0):
 garbage-first heap   total 152576K, used 136447K [0x0000000080000000, 0x0000000100000000)
  region size 1024K, 50 young (51200K), 4 survivors (4096K)
 Metaspace       used 67206K, committed 68800K, reserved 1114112K
  class space    used 9424K, committed 10176K, reserved 1048576K
}
Event: 36.212 GC heap after
{Heap after GC invocations=47 (full 0):
 garbage-first heap   total 152576K, used 89022K [0x0000000080000000, 0x0000000100000000)
  region size 1024K, 3 young (3072K), 3 survivors (3072K)
 Metaspace       used 67206K, committed 68800K, reserved 1114112K
  class space    used 9424K, committed 10176K, reserved 1048576K
}
Event: 36.262 GC heap before
{Heap before GC invocations=47 (full 0):
 garbage-first heap   total 152576K, used 118718K [0x0000000080000000, 0x0000000100000000)
  region size 1024K, 33 young (33792K), 3 survivors (3072K)
 Metaspace       used 67219K, committed 68800K, reserved 1114112K
  class space    used 9424K, committed 10176K, reserved 1048576K
}

