# JRE version: OpenJDK Runtime Environment (21.0.9) (build 21.0.9+-14787801-b1163.94)
# Java VM: OpenJDK 64-Bit Server VM (21.0.9+-14787801-b1163.94, mixed mode, tiered, compressed oops, compressed class ptrs, g1 gc, windows-amd64)
GC Precious Log:
 CardTable entry size: 512
 Card Set container configuration: InlinePtr #cards 5 size 8 Array Of Cards #cards 12 size 40 Howl #buckets 4 coarsen threshold 1843 Howl Bitmap #cards 512 size 80 coarsen threshold 460 Card regions per heap region 1 cards per card region 2048
 CPUs: 12 total, 12 available
 Memory: 7521M
 Large Page Support: Disabled
 NUMA Support: Disabled
 Compressed Oops: Enabled (32-bit)
 Heap Region Size: 1M
 Heap Min Capacity: 8M
 Heap Initial Capacity: 118M
 Heap Max Capacity: 2G
 Pre-touch: Disabled
 Parallel Workers: 10
 Concurrent Workers: 3
 Concurrent Refinement Workers: 10
 Periodic GC: Disabled
Heap:
 garbage-first heap   total 195584K, used 82625K [0x0000000080000000, 0x0000000100000000)
  region size 1024K, 5 young (5120K), 5 survivors (5120K)
 Metaspace       used 68867K, committed 70528K, reserved 1114112K
  class space    used 9674K, committed 10496K, reserved 1048576K
GC Heap History (20 events):
Event: 19.647 GC heap after
{Heap after GC invocations=31 (full 0):
 garbage-first heap   total 158720K, used 73463K [0x0000000080000000, 0x0000000100000000)
  region size 1024K, 8 young (8192K), 8 survivors (8192K)
 Metaspace       used 63750K, committed 65280K, reserved 1114112K
  class space    used 9064K, committed 9792K, reserved 1048576K
}
Event: 21.024 GC heap before
{Heap before GC invocations=31 (full 0):
 garbage-first heap   total 158720K, used 148215K [0x0000000080000000, 0x0000000100000000)
  region size 1024K, 81 young (82944K), 8 survivors (8192K)
 Metaspace       used 68611K, committed 70336K, reserved 1114112K
  class space    used 9648K, committed 10496K, reserved 1048576K
}
Event: 21.031 GC heap after
{Heap after GC invocations=32 (full 0):
 garbage-first heap   total 162816K, used 77874K [0x0000000080000000, 0x0000000100000000)
  region size 1024K, 7 young (7168K), 7 survivors (7168K)
 Metaspace       used 68611K, committed 70336K, reserved 1114112K
  class space    used 9648K, committed 10496K, reserved 1048576K
}
Event: 21.555 GC heap before
{Heap before GC invocations=32 (full 0):
 garbage-first heap   total 162816K, used 150578K [0x0000000080000000, 0x0000000100000000)
  region size 1024K, 78 young (79872K), 7 survivors (7168K)
 Metaspace       used 68829K, committed 70528K, reserved 1114112K
  class space    used 9667K, committed 10496K, reserved 1048576K
}
Event: 21.560 GC heap after
{Heap after GC invocations=33 (full 0):
 garbage-first heap   total 162816K, used 78817K [0x0000000080000000, 0x0000000100000000)
  region size 1024K, 6 young (6144K), 6 survivors (6144K)
 Metaspace       used 68829K, committed 70528K, reserved 1114112K
  class space    used 9667K, committed 10496K, reserved 1048576K
}
Event: 21.779 GC heap before
{Heap before GC invocations=34 (full 0):
 garbage-first heap   total 162816K, used 152545K [0x0000000080000000, 0x0000000100000000)
  region size 1024K, 78 young (79872K), 6 survivors (6144K)
 Metaspace       used 68832K, committed 70528K, reserved 1114112K
  class space    used 9667K, committed 10496K, reserved 1048576K
}
Event: 21.783 GC heap after
{Heap after GC invocations=35 (full 0):
 garbage-first heap   total 195584K, used 79132K [0x0000000080000000, 0x0000000100000000)
  region size 1024K, 6 young (6144K), 6 survivors (6144K)
 Metaspace       used 68832K, committed 70528K, reserved 1114112K
  class space    used 9667K, committed 10496K, reserved 1048576K
}
Event: 22.105 GC heap before
{Heap before GC invocations=35 (full 0):
 garbage-first heap   total 195584K, used 183580K [0x0000000080000000, 0x0000000100000000)
  region size 1024K, 108 young (110592K), 6 survivors (6144K)
 Metaspace       used 68836K, committed 70528K, reserved 1114112K
  class space    used 9667K, committed 10496K, reserved 1048576K
}
Event: 22.109 GC heap after
{Heap after GC invocations=36 (full 0):
 garbage-first heap   total 195584K, used 79128K [0x0000000080000000, 0x0000000100000000)
  region size 1024K, 6 young (6144K), 6 survivors (6144K)
 Metaspace       used 68836K, committed 70528K, reserved 1114112K
  class space    used 9667K, committed 10496K, reserved 1048576K
}
Event: 22.420 GC heap before
{Heap before GC invocations=36 (full 0):
 garbage-first heap   total 195584K, used 183576K [0x0000000080000000, 0x0000000100000000)
  region size 1024K, 108 young (110592K), 6 survivors (6144K)
 Metaspace       used 68837K, committed 70528K, reserved 1114112K
  class space    used 9667K, committed 10496K, reserved 1048576K
}
Event: 22.423 GC heap after
{Heap after GC invocations=37 (full 0):
 garbage-first heap   total 195584K, used 80132K [0x0000000080000000, 0x0000000100000000)
  region size 1024K, 7 young (7168K), 7 survivors (7168K)
 Metaspace       used 68837K, committed 70528K, reserved 1114112K
  class space    used 9667K, committed 10496K, reserved 1048576K
}
Event: 22.771 GC heap before
{Heap before GC invocations=38 (full 0):
 garbage-first heap   total 195584K, used 183556K [0x0000000080000000, 0x0000000100000000)
  region size 1024K, 108 young (110592K), 7 survivors (7168K)
 Metaspace       used 68838K, committed 70528K, reserved 1114112K
  class space    used 9667K, committed 10496K, reserved 1048576K
}
Event: 22.775 GC heap after
{Heap after GC invocations=39 (full 0):
 garbage-first heap   total 195584K, used 80490K [0x0000000080000000, 0x0000000100000000)
  region size 1024K, 8 young (8192K), 8 survivors (8192K)
 Metaspace       used 68838K, committed 70528K, reserved 1114112K
  class space    used 9667K, committed 10496K, reserved 1048576K
}
Event: 23.005 GC heap before
{Heap before GC invocations=39 (full 0):
 garbage-first heap   total 195584K, used 182890K [0x0000000080000000, 0x0000000100000000)
  region size 1024K, 108 young (110592K), 8 survivors (8192K)
 Metaspace       used 68838K, committed 70528K, reserved 1114112K
  class space    used 9667K, committed 10496K, reserved 1048576K
}
Event: 23.010 GC heap after
{Heap after GC invocations=40 (full 0):
 garbage-first heap   total 195584K, used 80798K [0x0000000080000000, 0x0000000100000000)
  region size 1024K, 8 young (8192K), 8 survivors (8192K)
 Metaspace       used 68838K, committed 70528K, reserved 1114112K
  class space    used 9667K, committed 10496K, reserved 1048576K
}
Event: 23.262 GC heap before
{Heap before GC invocations=40 (full 0):
 garbage-first heap   total 195584K, used 183198K [0x0000000080000000, 0x0000000100000000)
  region size 1024K, 108 young (110592K), 8 survivors (8192K)
 Metaspace       used 68838K, committed 70528K, reserved 1114112K
  class space    used 9667K, committed 10496K, reserved 1048576K
}
Event: 23.267 GC heap after
{Heap after GC invocations=41 (full 0):
 garbage-first heap   total 195584K, used 80977K [0x0000000080000000, 0x0000000100000000)
  region size 1024K, 8 young (8192K), 8 survivors (8192K)
 Metaspace       used 68838K, committed 70528K, reserved 1114112K
  class space    used 9667K, committed 10496K, reserved 1048576K
}
Event: 23.574 GC heap before
{Heap before GC invocations=42 (full 0):
 garbage-first heap   total 195584K, used 183377K [0x0000000080000000, 0x0000000100000000)
  region size 1024K, 108 young (110592K), 8 survivors (8192K)
 Metaspace       used 68862K, committed 70528K, reserved 1114112K
  class space    used 9674K, committed 10496K, reserved 1048576K
}
Event: 23.578 GC heap after
{Heap after GC invocations=43 (full 0):
 garbage-first heap   total 195584K, used 81661K [0x0000000080000000, 0x0000000100000000)
  region size 1024K, 5 young (5120K), 5 survivors (5120K)
 Metaspace       used 68862K, committed 70528K, reserved 1114112K
  class space    used 9674K, committed 10496K, reserved 1048576K
}
Event: 23.985 GC heap before
{Heap before GC invocations=43 (full 0):
 garbage-first heap   total 195584K, used 187133K [0x0000000080000000, 0x0000000100000000)
  region size 1024K, 104 young (106496K), 5 survivors (5120K)
 Metaspace       used 68867K, committed 70528K, reserved 1114112K
  class space    used 9674K, committed 10496K, reserved 1048576K
}

